<?xml version="1.0" encoding="UTF-8"?>
<!-- Generated by org.testng.reporters.JUnitReportReporter -->
<testsuite hostname="Rahi" failures="0" tests="1" name="parametersTestng.ParameterTest" time="3.367" errors="0" timestamp="2022-06-20T20:32:16 EDT" skipped="0">
  <testcase classname="parametersTestng.ParameterTest" name="yahooLoginTestMethod" time="3.367"/>
  <system-out/>
</testsuite> <!-- parametersTestng.ParameterTest -->
