<?xml version="1.0" encoding="UTF-8"?>
<!-- Generated by org.testng.reporters.JUnitReportReporter -->
<testsuite hostname="Rahi" failures="0" tests="1" name="TestNG.ExceptionTimeOutTest" time="0.001" errors="0" timestamp="2022-06-20T20:32:16 EDT" skipped="0">
  <testcase classname="TestNG.ExceptionTimeOutTest" name="test1" time="0.001"/>
  <system-out/>
</testsuite> <!-- TestNG.ExceptionTimeOutTest -->
