<?xml version="1.0" encoding="UTF-8"?>
<!-- Generated by org.testng.reporters.JUnitReportReporter -->
<testsuite hostname="Rahi" failures="0" tests="6" name="TestNG.GoogleTest" time="11.990" errors="0" timestamp="2022-06-20T20:32:16 EDT" skipped="0">
  <testcase classname="TestNG.GoogleTest" name="googleTitleTest" time="1.805"/>
  <system-out/>
  <testcase classname="TestNG.GoogleTest" name="googleLogoTest" time="2.014"/>
  <system-out/>
  <testcase classname="TestNG.GoogleTest" name="mailLinkTest" time="1.839"/>
  <system-out/>
  <testcase classname="TestNG.GoogleTest" name="test2" time="1.796"/>
  <system-out/>
  <testcase classname="TestNG.GoogleTest" name="test1" time="1.741"/>
  <system-out/>
  <testcase classname="TestNG.GoogleTest" name="test3" time="2.795"/>
  <system-out/>
</testsuite> <!-- TestNG.GoogleTest -->
