<?xml version="1.0" encoding="UTF-8"?>
<!-- Generated by org.testng.reporters.JUnitReportReporter -->
<testsuite hostname="Rahi" failures="0" tests="3" name="TestNG.TestNgBasics" time="0.002" errors="0" timestamp="2022-06-20T20:32:16 EDT" skipped="0">
  <testcase classname="TestNG.TestNgBasics" name="searchTest" time="0.000"/>
  <system-out/>
  <testcase classname="TestNG.TestNgBasics" name="googleLogoTest" time="0.001"/>
  <system-out/>
  <testcase classname="TestNG.TestNgBasics" name="googleTest" time="0.001"/>
  <system-out/>
</testsuite> <!-- TestNG.TestNgBasics -->
