<?xml version="1.0" encoding="UTF-8"?>
<!-- Generated by org.testng.reporters.JUnitReportReporter -->
<testsuite hostname="Rahi" failures="0" tests="3" name="datadriventesting.DataDrivenTest" time="6.052" errors="0" timestamp="2022-06-28T14:08:55 EDT" skipped="0">
  <testcase classname="datadriventesting.DataDrivenTest" name="loginTest" time="0.815"/>
  <system-out/>
  <testcase classname="datadriventesting.DataDrivenTest" name="loginTest" time="4.289"/>
  <system-out/>
  <testcase classname="datadriventesting.DataDrivenTest" name="loginTest" time="0.948"/>
  <system-out/>
</testsuite> <!-- datadriventesting.DataDrivenTest -->
