<?xml version="1.0" encoding="UTF-8"?>
<!-- Generated by org.testng.reporters.JUnitReportReporter -->
<testsuite hostname="Rahi" failures="0" tests="1" name="screenShot.Guru99TakeScreenshot" time="8.128" errors="0" timestamp="2022-06-29T14:26:16 EDT" skipped="0">
  <testcase classname="screenShot.Guru99TakeScreenshot" name="testGuru99TakeScreenShot" time="8.128"/>
  <system-out/>
</testsuite> <!-- screenShot.Guru99TakeScreenshot -->
