<?xml version="1.0" encoding="UTF-8"?>
<!-- Generated by org.testng.reporters.JUnitReportReporter -->
<testsuite hostname="Rahi" failures="0" tests="10" name="TestNG.InvocationCountTest" time="0.010" errors="0" timestamp="2022-06-20T20:32:16 EDT" skipped="0">
  <testcase classname="TestNG.InvocationCountTest" name="sum" time="0.001"/>
  <system-out/>
  <testcase classname="TestNG.InvocationCountTest" name="sum" time="0.002"/>
  <system-out/>
  <testcase classname="TestNG.InvocationCountTest" name="sum" time="0.001"/>
  <system-out/>
  <testcase classname="TestNG.InvocationCountTest" name="sum" time="0.000"/>
  <system-out/>
  <testcase classname="TestNG.InvocationCountTest" name="sum" time="0.001"/>
  <system-out/>
  <testcase classname="TestNG.InvocationCountTest" name="sum" time="0.000"/>
  <system-out/>
  <testcase classname="TestNG.InvocationCountTest" name="sum" time="0.001"/>
  <system-out/>
  <testcase classname="TestNG.InvocationCountTest" name="sum" time="0.001"/>
  <system-out/>
  <testcase classname="TestNG.InvocationCountTest" name="sum" time="0.002"/>
  <system-out/>
  <testcase classname="TestNG.InvocationCountTest" name="sum" time="0.001"/>
  <system-out/>
</testsuite> <!-- TestNG.InvocationCountTest -->
